<?xml version="1.0" encoding="UTF-8"?>
<testsuite xmlns:xsi="http://www.w3.org/2001/XMLSchema-instance" xsi:noNamespaceSchemaLocation="https://maven.apache.org/surefire/maven-surefire-plugin/xsd/surefire-test-report.xsd" version="3.0.2" name="com.petclinic.rag.service.RagQueryServiceTest" time="0.106" tests="2" errors="0" skipped="0" failures="0" flakes="0">
  <properties>
[...]
</properties>
  <testcase name="answer_returnsFallbackWhenNoRelevantDocuments" classname="com.petclinic.rag.service.RagQueryServiceTest" time="0.099"/>
  <testcase name="answer_usesContextAndSourcesWhenDocumentsExist" classname="com.petclinic.rag.service.RagQueryServiceTest" time="0.005"/>
</testsuite>